<?xml version="1.0" encoding="UTF-8"?>
<testng-results skipped="0" failed="1" total="2" passed="1">
  <reporter-output>
  </reporter-output>
  <suite name="Default suite" duration-ms="1152020" started-at="2018-07-27T08:29:21Z" finished-at="2018-07-27T08:48:33Z">
    <groups>
    </groups>
    <test name="Default test" duration-ms="1152020" started-at="2018-07-27T08:29:21Z" finished-at="2018-07-27T08:48:33Z">
      <class name="com.test.yonghu.AppiumYonghu">
        <test-method status="PASS" signature="SetUpWorking()[pri:0, instance:com.test.yonghu.AppiumYonghu@6e8dacdf]" name="SetUpWorking" is-config="true" duration-ms="16256" started-at="2018-07-27T16:29:21Z" finished-at="2018-07-27T16:29:38Z">
          <reporter-output>
          </reporter-output>
        </test-method> <!-- SetUpWorking -->
        <test-method status="PASS" signature="test001()[pri:0, instance:com.test.yonghu.AppiumYonghu@6e8dacdf]" name="test001" duration-ms="11077" started-at="2018-07-27T16:29:38Z" finished-at="2018-07-27T16:29:49Z">
          <reporter-output>
          </reporter-output>
        </test-method> <!-- test001 -->
        <test-method status="FAIL" signature="test003()[pri:0, instance:com.test.yonghu.AppiumYonghu@6e8dacdf]" name="test003" duration-ms="1124675" started-at="2018-07-27T16:29:49Z" finished-at="2018-07-27T16:48:33Z">
          <exception class="org.openqa.selenium.WebDriverException">
            <message>
              <![CDATA[An unknown server-side error occurred while processing the command. Original error: Failed to execute touch event
Build info: version: '3.12.0', revision: '7c6e0b3', time: '2018-05-08T14:04:26.12Z'
System info: host: 'USER-20160229XJ', ip: '192.168.1.231', os.name: 'Windows 7', os.arch: 'amd64', os.version: '6.1', java.version: '1.8.0_73'
Driver info: io.appium.java_client.AppiumDriver
Capabilities {appActivity: .activity.BeforeWelcomeActi..., appPackage: com.itsenpupulai.kuaikuaipa..., automationName: Appium, databaseEnabled: false, desired: {appActivity: .activity.BeforeWelcomeActi..., appPackage: com.itsenpupulai.kuaikuaipa..., automationName: Appium, deviceName: Redmi Note2, platformName: android, platformVersion: 5.0.2, resetKeyboard: true, sessionOverride: true, unicodeKeyboard: false}, deviceManufacturer: Xiaomi, deviceModel: Redmi Note 2, deviceName: ZL5PPBNFBI85CM59, deviceScreenSize: 1080x1920, deviceUDID: ZL5PPBNFBI85CM59, javascriptEnabled: true, locationContextEnabled: false, networkConnectionEnabled: true, platform: LINUX, platformName: LINUX, platformVersion: 5.0.2, resetKeyboard: true, sessionOverride: true, takesScreenshot: true, unicodeKeyboard: false, warnings: {}, webStorageEnabled: false}
Session ID: f2339360-2334-47e2-a0f1-82b19d077f7f]]>
            </message>
            <full-stacktrace>
              <![CDATA[org.openqa.selenium.WebDriverException: An unknown server-side error occurred while processing the command. Original error: Failed to execute touch event
Build info: version: '3.12.0', revision: '7c6e0b3', time: '2018-05-08T14:04:26.12Z'
System info: host: 'USER-20160229XJ', ip: '192.168.1.231', os.name: 'Windows 7', os.arch: 'amd64', os.version: '6.1', java.version: '1.8.0_73'
Driver info: io.appium.java_client.AppiumDriver
Capabilities {appActivity: .activity.BeforeWelcomeActi..., appPackage: com.itsenpupulai.kuaikuaipa..., automationName: Appium, databaseEnabled: false, desired: {appActivity: .activity.BeforeWelcomeActi..., appPackage: com.itsenpupulai.kuaikuaipa..., automationName: Appium, deviceName: Redmi Note2, platformName: android, platformVersion: 5.0.2, resetKeyboard: true, sessionOverride: true, unicodeKeyboard: false}, deviceManufacturer: Xiaomi, deviceModel: Redmi Note 2, deviceName: ZL5PPBNFBI85CM59, deviceScreenSize: 1080x1920, deviceUDID: ZL5PPBNFBI85CM59, javascriptEnabled: true, locationContextEnabled: false, networkConnectionEnabled: true, platform: LINUX, platformName: LINUX, platformVersion: 5.0.2, resetKeyboard: true, sessionOverride: true, takesScreenshot: true, unicodeKeyboard: false, warnings: {}, webStorageEnabled: false}
Session ID: f2339360-2334-47e2-a0f1-82b19d077f7f
	at sun.reflect.NativeConstructorAccessorImpl.newInstance0(Native Method)
	at sun.reflect.NativeConstructorAccessorImpl.newInstance(Unknown Source)
	at sun.reflect.DelegatingConstructorAccessorImpl.newInstance(Unknown Source)
	at java.lang.reflect.Constructor.newInstance(Unknown Source)
	at org.openqa.selenium.remote.http.W3CHttpResponseCodec.createException(W3CHttpResponseCodec.java:187)
	at org.openqa.selenium.remote.http.W3CHttpResponseCodec.decode(W3CHttpResponseCodec.java:122)
	at org.openqa.selenium.remote.http.W3CHttpResponseCodec.decode(W3CHttpResponseCodec.java:49)
	at org.openqa.selenium.remote.HttpCommandExecutor.execute(HttpCommandExecutor.java:158)
	at io.appium.java_client.remote.AppiumCommandExecutor.execute(AppiumCommandExecutor.java:231)
	at org.openqa.selenium.remote.RemoteWebDriver.execute(RemoteWebDriver.java:543)
	at io.appium.java_client.DefaultGenericMobileDriver.execute(DefaultGenericMobileDriver.java:42)
	at io.appium.java_client.AppiumDriver.execute(AppiumDriver.java:1)
	at io.appium.java_client.PerformsTouchActions.performTouchAction(PerformsTouchActions.java:41)
	at io.appium.java_client.TouchAction.perform(TouchAction.java:187)
	at com.test.util.AllAction.scrollaction(AllAction.java:277)
	at com.test.util.AllAction.sendpara(AllAction.java:49)
	at com.test.util.DependsParaAction.parama(DependsParaAction.java:33)
	at com.test.yonghu.AppiumYonghu.test003(AppiumYonghu.java:115)
	at sun.reflect.NativeMethodAccessorImpl.invoke0(Native Method)
	at sun.reflect.NativeMethodAccessorImpl.invoke(Unknown Source)
	at sun.reflect.DelegatingMethodAccessorImpl.invoke(Unknown Source)
	at java.lang.reflect.Method.invoke(Unknown Source)
	at org.testng.internal.MethodInvocationHelper.invokeMethod(MethodInvocationHelper.java:84)
	at org.testng.internal.Invoker.invokeMethod(Invoker.java:714)
	at org.testng.internal.Invoker.invokeTestMethod(Invoker.java:901)
	at org.testng.internal.Invoker.invokeTestMethods(Invoker.java:1231)
	at org.testng.internal.TestMethodWorker.invokeTestMethods(TestMethodWorker.java:127)
	at org.testng.internal.TestMethodWorker.run(TestMethodWorker.java:111)
	at org.testng.TestRunner.privateRun(TestRunner.java:767)
	at org.testng.TestRunner.run(TestRunner.java:617)
	at org.testng.SuiteRunner.runTest(SuiteRunner.java:335)
	at org.testng.SuiteRunner.runSequentially(SuiteRunner.java:330)
	at org.testng.SuiteRunner.privateRun(SuiteRunner.java:291)
	at org.testng.SuiteRunner.run(SuiteRunner.java:240)
	at org.testng.SuiteRunnerWorker.runSuite(SuiteRunnerWorker.java:52)
	at org.testng.SuiteRunnerWorker.run(SuiteRunnerWorker.java:86)
	at org.testng.TestNG.runSuitesSequentially(TestNG.java:1224)
	at org.testng.TestNG.runSuitesLocally(TestNG.java:1149)
	at org.testng.TestNG.run(TestNG.java:1057)
	at org.testng.remote.RemoteTestNG.run(RemoteTestNG.java:111)
	at org.testng.remote.RemoteTestNG.initAndRun(RemoteTestNG.java:204)
	at org.testng.remote.RemoteTestNG.main(RemoteTestNG.java:175)
]]>
            </full-stacktrace>
          </exception> <!-- org.openqa.selenium.WebDriverException -->
          <reporter-output>
          </reporter-output>
        </test-method> <!-- test003 -->
      </class> <!-- com.test.yonghu.AppiumYonghu -->
    </test> <!-- Default test -->
  </suite> <!-- Default suite -->
</testng-results>
